2019-08-11 16:56:07.499  INFO 5488 --- [main] bookstore.BookstoreApplication           : Starting BookstoreApplication on Bilbo with PID 5488 (C:\Users\Bojana\Desktop\workspace\bookstore\target\classes started by Bojana in C:\Users\Bojana\Desktop\workspace\bookstore)
2019-08-11 16:56:07.504  INFO 5488 --- [main] bookstore.BookstoreApplication           : No active profile set, falling back to default profiles: default
2019-08-11 16:56:07.610  INFO 5488 --- [main] ationConfigEmbeddedWebApplicationContext : Refreshing org.springframework.boot.context.embedded.AnnotationConfigEmbeddedWebApplicationContext@6973bf95: startup date [Sun Aug 11 16:56:07 CEST 2019]; root of context hierarchy
2019-08-11 16:56:08.684  INFO 5488 --- [main] o.s.b.f.s.DefaultListableBeanFactory     : Overriding bean definition for bean 'methodSecurityInterceptor' with a different definition: replacing [Root bean: class [null]; scope=; abstract=false; lazyInit=false; autowireMode=3; dependencyCheck=0; autowireCandidate=true; primary=false; factoryBeanName=org.springframework.security.config.annotation.method.configuration.GlobalMethodSecurityConfiguration; factoryMethodName=methodSecurityInterceptor; initMethodName=null; destroyMethodName=(inferred); defined in class path resource [org/springframework/security/config/annotation/method/configuration/GlobalMethodSecurityConfiguration.class]] with [Root bean: class [null]; scope=; abstract=false; lazyInit=false; autowireMode=3; dependencyCheck=0; autowireCandidate=true; primary=false; factoryBeanName=methodSecurityConfig; factoryMethodName=methodSecurityInterceptor; initMethodName=null; destroyMethodName=(inferred); defined in class path resource [bookstore/config/MethodSecurityConfig.class]]
2019-08-11 16:56:08.687  INFO 5488 --- [main] o.s.b.f.s.DefaultListableBeanFactory     : Overriding bean definition for bean 'methodSecurityMetadataSource' with a different definition: replacing [Root bean: class [null]; scope=; abstract=false; lazyInit=false; autowireMode=3; dependencyCheck=0; autowireCandidate=true; primary=false; factoryBeanName=org.springframework.security.config.annotation.method.configuration.GlobalMethodSecurityConfiguration; factoryMethodName=methodSecurityMetadataSource; initMethodName=null; destroyMethodName=(inferred); defined in class path resource [org/springframework/security/config/annotation/method/configuration/GlobalMethodSecurityConfiguration.class]] with [Root bean: class [null]; scope=; abstract=false; lazyInit=false; autowireMode=3; dependencyCheck=0; autowireCandidate=true; primary=false; factoryBeanName=methodSecurityConfig; factoryMethodName=methodSecurityMetadataSource; initMethodName=null; destroyMethodName=(inferred); defined in class path resource [bookstore/config/MethodSecurityConfig.class]]
2019-08-11 16:56:08.688  INFO 5488 --- [main] o.s.b.f.s.DefaultListableBeanFactory     : Overriding bean definition for bean 'preInvocationAuthorizationAdvice' with a different definition: replacing [Root bean: class [null]; scope=; abstract=false; lazyInit=false; autowireMode=3; dependencyCheck=0; autowireCandidate=true; primary=false; factoryBeanName=org.springframework.security.config.annotation.method.configuration.GlobalMethodSecurityConfiguration; factoryMethodName=preInvocationAuthorizationAdvice; initMethodName=null; destroyMethodName=(inferred); defined in class path resource [org/springframework/security/config/annotation/method/configuration/GlobalMethodSecurityConfiguration.class]] with [Root bean: class [null]; scope=; abstract=false; lazyInit=false; autowireMode=3; dependencyCheck=0; autowireCandidate=true; primary=false; factoryBeanName=methodSecurityConfig; factoryMethodName=preInvocationAuthorizationAdvice; initMethodName=null; destroyMethodName=(inferred); defined in class path resource [bookstore/config/MethodSecurityConfig.class]]
2019-08-11 16:56:08.954  INFO 5488 --- [main] o.s.b.f.xml.XmlBeanDefinitionReader      : Loading XML bean definitions from class path resource [META-INF/cxf/cxf.xml]
2019-08-11 16:56:10.517  INFO 5488 --- [main] s.b.c.e.t.TomcatEmbeddedServletContainer : Tomcat initialized with port(s): 9081 (https) 8081 (http)
2019-08-11 16:56:10.533  INFO 5488 --- [main] o.apache.catalina.core.StandardService   : Starting service [Tomcat]
2019-08-11 16:56:10.535  INFO 5488 --- [main] org.apache.catalina.core.StandardEngine  : Starting Servlet Engine: Apache Tomcat/8.5.23
2019-08-11 16:56:10.769  INFO 5488 --- [localhost-startStop-1] o.a.c.c.C.[Tomcat].[localhost].[/]       : Initializing Spring embedded WebApplicationContext
2019-08-11 16:56:10.769  INFO 5488 --- [localhost-startStop-1] o.s.web.context.ContextLoader            : Root WebApplicationContext: initialization completed in 3164 ms
2019-08-11 16:56:11.394  INFO 5488 --- [localhost-startStop-1] o.s.b.w.servlet.FilterRegistrationBean   : Mapping filter: 'characterEncodingFilter' to: [/*]
2019-08-11 16:56:11.394  INFO 5488 --- [localhost-startStop-1] o.s.b.w.servlet.FilterRegistrationBean   : Mapping filter: 'hiddenHttpMethodFilter' to: [/*]
2019-08-11 16:56:11.394  INFO 5488 --- [localhost-startStop-1] o.s.b.w.servlet.FilterRegistrationBean   : Mapping filter: 'httpPutFormContentFilter' to: [/*]
2019-08-11 16:56:11.394  INFO 5488 --- [localhost-startStop-1] o.s.b.w.servlet.FilterRegistrationBean   : Mapping filter: 'requestContextFilter' to: [/*]
2019-08-11 16:56:11.394  INFO 5488 --- [localhost-startStop-1] .s.DelegatingFilterProxyRegistrationBean : Mapping filter: 'springSecurityFilterChain' to: [/*]
2019-08-11 16:56:11.394  INFO 5488 --- [localhost-startStop-1] o.s.b.w.servlet.FilterRegistrationBean   : Mapping filter: 'openEntityManagerInViewFilter' to: [/*]
2019-08-11 16:56:11.394  INFO 5488 --- [localhost-startStop-1] o.s.b.w.servlet.ServletRegistrationBean  : Mapping servlet: 'dispatcherServlet' to [/]
2019-08-11 16:56:11.394  INFO 5488 --- [localhost-startStop-1] o.s.b.w.servlet.ServletRegistrationBean  : Mapping servlet: 'CXFServlet' to [/services/*]
2019-08-11 16:56:12.072  INFO 5488 --- [main] j.LocalContainerEntityManagerFactoryBean : Building JPA container EntityManagerFactory for persistence unit 'default'
2019-08-11 16:56:12.087  INFO 5488 --- [main] o.hibernate.jpa.internal.util.LogHelper  : HHH000204: Processing PersistenceUnitInfo [
	name: default
	...]
2019-08-11 16:56:12.159  INFO 5488 --- [main] org.hibernate.Version                    : HHH000412: Hibernate Core {5.0.12.Final}
2019-08-11 16:56:12.161  INFO 5488 --- [main] org.hibernate.cfg.Environment            : HHH000206: hibernate.properties not found
2019-08-11 16:56:12.163  INFO 5488 --- [main] org.hibernate.cfg.Environment            : HHH000021: Bytecode provider name : javassist
2019-08-11 16:56:12.221  INFO 5488 --- [main] o.hibernate.annotations.common.Version   : HCANN000001: Hibernate Commons Annotations {5.0.1.Final}
2019-08-11 16:56:12.578  INFO 5488 --- [main] org.hibernate.dialect.Dialect            : HHH000400: Using dialect: org.hibernate.dialect.MySQL5Dialect
2019-08-11 16:56:13.127  INFO 5488 --- [main] org.hibernate.tool.hbm2ddl.SchemaExport  : HHH000227: Running hbm2ddl schema export
2019-08-11 16:56:13.136 ERROR 5488 --- [main] org.hibernate.tool.hbm2ddl.SchemaExport  : HHH000389: Unsuccessful: alter table book drop foreign key FK6ty2hy415hvj2450yyx727if4
2019-08-11 16:56:13.136 ERROR 5488 --- [main] org.hibernate.tool.hbm2ddl.SchemaExport  : Table 'bookstore.book' doesn't exist
2019-08-11 16:56:13.138 ERROR 5488 --- [main] org.hibernate.tool.hbm2ddl.SchemaExport  : HHH000389: Unsuccessful: alter table my_user drop foreign key FKg0wxfv0trr2g1bqn9exgwv577
2019-08-11 16:56:13.139 ERROR 5488 --- [main] org.hibernate.tool.hbm2ddl.SchemaExport  : Table 'bookstore.my_user' doesn't exist
2019-08-11 16:56:13.141 ERROR 5488 --- [main] org.hibernate.tool.hbm2ddl.SchemaExport  : HHH000389: Unsuccessful: alter table my_user drop foreign key FKsh57lnmdvsx5o4d2m9q089kfv
2019-08-11 16:56:13.141 ERROR 5488 --- [main] org.hibernate.tool.hbm2ddl.SchemaExport  : Table 'bookstore.my_user' doesn't exist
2019-08-11 16:56:13.198 ERROR 5488 --- [main] org.hibernate.tool.hbm2ddl.SchemaExport  : HHH000389: Unsuccessful: alter table role_permission drop foreign key FK2ws6nbakjvnk1p41enwua5c2j
2019-08-11 16:56:13.198 ERROR 5488 --- [main] org.hibernate.tool.hbm2ddl.SchemaExport  : Can't DROP 'FK2ws6nbakjvnk1p41enwua5c2j'; check that column/key exists
2019-08-11 16:56:13.245 ERROR 5488 --- [main] org.hibernate.tool.hbm2ddl.SchemaExport  : HHH000389: Unsuccessful: alter table role_permission drop foreign key FK4mqvliy9oxgi2g5h2tqpvvd3l
2019-08-11 16:56:13.245 ERROR 5488 --- [main] org.hibernate.tool.hbm2ddl.SchemaExport  : Can't DROP 'FK4mqvliy9oxgi2g5h2tqpvvd3l'; check that column/key exists
2019-08-11 16:56:30.979  INFO 5488 --- [main] org.hibernate.tool.hbm2ddl.SchemaExport  : HHH000230: Schema export complete
2019-08-11 16:56:31.036  INFO 5488 --- [main] j.LocalContainerEntityManagerFactoryBean : Initialized JPA EntityManagerFactory for persistence unit 'default'
2019-08-11 16:56:31.338  INFO 5488 --- [main] o.s.jdbc.datasource.init.ScriptUtils     : Executing SQL script from URL [file:/C:/Users/Bojana/Desktop/workspace/bookstore/target/classes/data.sql]
2019-08-11 16:56:33.604  INFO 5488 --- [main] o.s.jdbc.datasource.init.ScriptUtils     : Executed SQL script from URL [file:/C:/Users/Bojana/Desktop/workspace/bookstore/target/classes/data.sql] in 2266 ms.
2019-08-11 16:56:34.458  INFO 5488 --- [main] b.a.s.AuthenticationManagerConfiguration : 

Using default security password: e50a2234-3b30-4f7c-a453-e9c2835aa80c

2019-08-11 16:56:34.802  INFO 5488 --- [main] s.w.s.m.m.a.RequestMappingHandlerMapping : Mapped "{[/book/add],methods=[POST],consumes=[application/json],produces=[application/json]}" onto public org.springframework.http.ResponseEntity<bookstore.model.Book> bookstore.controller.BookController.add(bookstore.dto.BookDTO) throws java.security.InvalidKeyException,java.security.InvalidAlgorithmParameterException,javax.crypto.BadPaddingException,javax.crypto.IllegalBlockSizeException,java.io.UnsupportedEncodingException,javax.crypto.NoSuchPaddingException,java.security.NoSuchAlgorithmException
2019-08-11 16:56:34.805  INFO 5488 --- [main] s.w.s.m.m.a.RequestMappingHandlerMapping : Mapped "{[/book/update/{id}],methods=[PUT],consumes=[application/json],produces=[application/json]}" onto public org.springframework.http.ResponseEntity<bookstore.model.Book> bookstore.controller.BookController.update(bookstore.dto.BookDTO,java.lang.Long) throws java.security.InvalidKeyException,javax.crypto.NoSuchPaddingException,java.security.NoSuchAlgorithmException,java.security.InvalidAlgorithmParameterException,javax.crypto.BadPaddingException,javax.crypto.IllegalBlockSizeException,java.io.UnsupportedEncodingException
2019-08-11 16:56:34.805  INFO 5488 --- [main] s.w.s.m.m.a.RequestMappingHandlerMapping : Mapped "{[/book/delete/{id}],methods=[DELETE],consumes=[application/json],produces=[application/json]}" onto public org.springframework.http.ResponseEntity<bookstore.model.Book> bookstore.controller.BookController.delete(java.lang.Long) throws java.security.InvalidKeyException,javax.crypto.NoSuchPaddingException,java.security.NoSuchAlgorithmException,java.security.InvalidAlgorithmParameterException,javax.crypto.BadPaddingException,javax.crypto.IllegalBlockSizeException,java.io.UnsupportedEncodingException
2019-08-11 16:56:34.805  INFO 5488 --- [main] s.w.s.m.m.a.RequestMappingHandlerMapping : Mapped "{[/book/getAll],methods=[GET]}" onto public org.springframework.http.ResponseEntity<java.util.List<bookstore.model.Book>> bookstore.controller.BookController.getAll()
2019-08-11 16:56:34.805  INFO 5488 --- [main] s.w.s.m.m.a.RequestMappingHandlerMapping : Mapped "{[/book/{id}],methods=[GET]}" onto public org.springframework.http.ResponseEntity<bookstore.model.Book> bookstore.controller.BookController.getOne(java.lang.Long)
2019-08-11 16:56:34.805  INFO 5488 --- [main] s.w.s.m.m.a.RequestMappingHandlerMapping : Mapped "{[/myUser/update],methods=[PUT],consumes=[application/json],produces=[application/json]}" onto public org.springframework.http.ResponseEntity<bookstore.model.MyUser> bookstore.controller.MyUserController.update(bookstore.dto.MyUserDTO) throws java.security.InvalidKeyException,javax.crypto.NoSuchPaddingException,java.security.NoSuchAlgorithmException,java.security.InvalidAlgorithmParameterException,javax.crypto.BadPaddingException,javax.crypto.IllegalBlockSizeException,java.io.UnsupportedEncodingException
2019-08-11 16:56:34.805  INFO 5488 --- [main] s.w.s.m.m.a.RequestMappingHandlerMapping : Mapped "{[/myUser/delete/{id}],methods=[DELETE],consumes=[application/json],produces=[application/json]}" onto public org.springframework.http.ResponseEntity<bookstore.model.MyUser> bookstore.controller.MyUserController.delete(java.lang.Long) throws java.security.InvalidKeyException,javax.crypto.NoSuchPaddingException,java.security.NoSuchAlgorithmException,java.security.InvalidAlgorithmParameterException,javax.crypto.BadPaddingException,javax.crypto.IllegalBlockSizeException,java.io.UnsupportedEncodingException
2019-08-11 16:56:34.805  INFO 5488 --- [main] s.w.s.m.m.a.RequestMappingHandlerMapping : Mapped "{[/myUser/getAll],methods=[GET]}" onto public org.springframework.http.ResponseEntity<java.util.List<bookstore.model.MyUser>> bookstore.controller.MyUserController.getAll()
2019-08-11 16:56:34.805  INFO 5488 --- [main] s.w.s.m.m.a.RequestMappingHandlerMapping : Mapped "{[/myUser/registration],methods=[POST],consumes=[application/json],produces=[application/json]}" onto public org.springframework.http.ResponseEntity<bookstore.model.MyUser> bookstore.controller.MyUserController.registration(bookstore.dto.MyUserDTO) throws org.springframework.mail.MailException,java.lang.InterruptedException,javax.mail.MessagingException,java.security.InvalidKeyException,javax.crypto.NoSuchPaddingException,java.security.NoSuchAlgorithmException,java.security.InvalidAlgorithmParameterException,javax.crypto.BadPaddingException,javax.crypto.IllegalBlockSizeException,java.io.UnsupportedEncodingException,java.text.ParseException
2019-08-11 16:56:34.805  INFO 5488 --- [main] s.w.s.m.m.a.RequestMappingHandlerMapping : Mapped "{[/myUser/logout],methods=[GET]}" onto public org.springframework.http.ResponseEntity<bookstore.model.MyUser> bookstore.controller.MyUserController.logout() throws java.security.InvalidKeyException,java.security.InvalidAlgorithmParameterException,javax.crypto.BadPaddingException,javax.crypto.IllegalBlockSizeException,java.io.UnsupportedEncodingException,javax.crypto.NoSuchPaddingException,java.security.NoSuchAlgorithmException
2019-08-11 16:56:34.805  INFO 5488 --- [main] s.w.s.m.m.a.RequestMappingHandlerMapping : Mapped "{[/myUser/{id}],methods=[GET]}" onto public org.springframework.http.ResponseEntity<bookstore.model.MyUser> bookstore.controller.MyUserController.getOne(java.lang.Long)
2019-08-11 16:56:34.805  INFO 5488 --- [main] s.w.s.m.m.a.RequestMappingHandlerMapping : Mapped "{[/myUser/getCurrentlyActive],methods=[GET],produces=[application/json]}" onto public org.springframework.http.ResponseEntity<bookstore.model.MyUser> bookstore.controller.MyUserController.getCurrentlyActive()
2019-08-11 16:56:34.805  INFO 5488 --- [main] s.w.s.m.m.a.RequestMappingHandlerMapping : Mapped "{[/myUser/activateUserAccount/{email}],methods=[GET],produces=[application/json]}" onto public org.springframework.http.ResponseEntity<bookstore.model.MyUser> bookstore.controller.MyUserController.activateUserAccount(java.lang.String) throws java.security.InvalidKeyException,javax.crypto.NoSuchPaddingException,java.security.NoSuchAlgorithmException,java.security.InvalidAlgorithmParameterException,javax.crypto.BadPaddingException,javax.crypto.IllegalBlockSizeException,java.io.UnsupportedEncodingException
2019-08-11 16:56:34.821  INFO 5488 --- [main] s.w.s.m.m.a.RequestMappingHandlerMapping : Mapped "{[/myUser/login],methods=[POST],consumes=[application/json],produces=[application/json]}" onto public org.springframework.http.ResponseEntity<bookstore.model.MyUser> bookstore.controller.MyUserController.login(bookstore.dto.MyUserDTO) throws java.security.InvalidKeyException,javax.crypto.NoSuchPaddingException,java.security.NoSuchAlgorithmException,java.security.InvalidAlgorithmParameterException,javax.crypto.BadPaddingException,javax.crypto.IllegalBlockSizeException,java.io.UnsupportedEncodingException
2019-08-11 16:56:34.821  INFO 5488 --- [main] s.w.s.m.m.a.RequestMappingHandlerMapping : Mapped "{[/myUser/decryptEmail],methods=[GET]}" onto public java.lang.String bookstore.controller.MyUserController.decryptEmail() throws java.security.InvalidKeyException,java.security.InvalidAlgorithmParameterException,javax.crypto.BadPaddingException,javax.crypto.IllegalBlockSizeException,java.io.UnsupportedEncodingException,javax.crypto.NoSuchPaddingException,java.security.NoSuchAlgorithmException
2019-08-11 16:56:34.821  INFO 5488 --- [main] s.w.s.m.m.a.RequestMappingHandlerMapping : Mapped "{[/myUser/encryptEmail],methods=[GET]}" onto public java.lang.String bookstore.controller.MyUserController.encryptEmail() throws java.security.InvalidKeyException,javax.crypto.NoSuchPaddingException,java.security.NoSuchAlgorithmException,java.security.InvalidAlgorithmParameterException,javax.crypto.BadPaddingException,javax.crypto.IllegalBlockSizeException,java.io.UnsupportedEncodingException
2019-08-11 16:56:34.821  INFO 5488 --- [main] s.w.s.m.m.a.RequestMappingHandlerMapping : Mapped "{[/shoppingCart/{id}],methods=[GET]}" onto public org.springframework.http.ResponseEntity<bookstore.model.ShoppingCart> bookstore.controller.ShoppingCartController.getOne(java.lang.Long)
2019-08-11 16:56:34.821  INFO 5488 --- [main] s.w.s.m.m.a.RequestMappingHandlerMapping : Mapped "{[/error]}" onto public org.springframework.http.ResponseEntity<java.util.Map<java.lang.String, java.lang.Object>> org.springframework.boot.autoconfigure.web.BasicErrorController.error(javax.servlet.http.HttpServletRequest)
2019-08-11 16:56:34.821  INFO 5488 --- [main] s.w.s.m.m.a.RequestMappingHandlerMapping : Mapped "{[/error],produces=[text/html]}" onto public org.springframework.web.servlet.ModelAndView org.springframework.boot.autoconfigure.web.BasicErrorController.errorHtml(javax.servlet.http.HttpServletRequest,javax.servlet.http.HttpServletResponse)
2019-08-11 16:56:34.946  INFO 5488 --- [main] o.s.w.s.handler.SimpleUrlHandlerMapping  : Mapped URL path [/webjars/**] onto handler of type [class org.springframework.web.servlet.resource.ResourceHttpRequestHandler]
2019-08-11 16:56:34.946  INFO 5488 --- [main] o.s.w.s.handler.SimpleUrlHandlerMapping  : Mapped URL path [/**] onto handler of type [class org.springframework.web.servlet.resource.ResourceHttpRequestHandler]
2019-08-11 16:56:35.036  INFO 5488 --- [main] o.s.w.s.handler.SimpleUrlHandlerMapping  : Mapped URL path [/**/favicon.ico] onto handler of type [class org.springframework.web.servlet.resource.ResourceHttpRequestHandler]
2019-08-11 16:56:35.036  INFO 5488 --- [main] oConfiguration$WelcomePageHandlerMapping : Adding welcome page: class path resource [static/index.html]
2019-08-11 16:56:35.067  INFO 5488 --- [main] o.s.s.web.DefaultSecurityFilterChain     : Creating filter chain: org.springframework.security.web.util.matcher.AnyRequestMatcher@1, [org.springframework.security.web.context.request.async.WebAsyncManagerIntegrationFilter@2becfd4c, org.springframework.security.web.context.SecurityContextPersistenceFilter@37775bb1, org.springframework.security.web.header.HeaderWriterFilter@2d4a3e13, org.springframework.web.filter.CorsFilter@7c71c889, org.springframework.security.web.authentication.logout.LogoutFilter@42a0786f, bookstore.config.JWTAuthenticationFilter@4cc8d70d, bookstore.config.JWTAuthorizationFilter@5c59a0f7, org.springframework.security.web.savedrequest.RequestCacheAwareFilter@2d206a71, org.springframework.security.web.servletapi.SecurityContextHolderAwareRequestFilter@1c6a0103, org.springframework.security.web.authentication.rememberme.RememberMeAuthenticationFilter@76a362a4, org.springframework.security.web.authentication.AnonymousAuthenticationFilter@101330ad, org.springframework.security.web.session.SessionManagementFilter@d8835af, org.springframework.security.web.access.ExceptionTranslationFilter@50e5032c, org.springframework.security.web.access.intercept.FilterSecurityInterceptor@5e193ef5]
2019-08-11 16:56:36.275  INFO 5488 --- [main] s.w.s.m.m.a.RequestMappingHandlerAdapter : Looking for @ControllerAdvice: org.springframework.boot.context.embedded.AnnotationConfigEmbeddedWebApplicationContext@6973bf95: startup date [Sun Aug 11 16:56:07 CEST 2019]; root of context hierarchy
2019-08-11 16:56:37.028  INFO 5488 --- [main] o.s.j.e.a.AnnotationMBeanExporter        : Registering beans for JMX exposure on startup
2019-08-11 16:56:37.185  INFO 5488 --- [main] s.b.c.e.t.TomcatEmbeddedServletContainer : Tomcat started on port(s): 9081 (https) 8081 (http)
2019-08-11 16:56:37.200  INFO 5488 --- [main] bookstore.BookstoreApplication           : Started BookstoreApplication in 30.093 seconds (JVM running for 31.868)
2019-08-11 16:57:29.725  INFO 5488 --- [https-jsse-nio-9081-exec-8] o.a.c.c.C.[Tomcat].[localhost].[/]       : Initializing Spring FrameworkServlet 'dispatcherServlet'
2019-08-11 16:57:29.726  INFO 5488 --- [https-jsse-nio-9081-exec-8] o.s.web.servlet.DispatcherServlet        : FrameworkServlet 'dispatcherServlet': initialization started
2019-08-11 16:57:29.780  INFO 5488 --- [https-jsse-nio-9081-exec-8] o.s.web.servlet.DispatcherServlet        : FrameworkServlet 'dispatcherServlet': initialization completed in 53 ms
2019-08-11 16:57:40.181  INFO 5488 --- [https-jsse-nio-9081-exec-2] o.h.h.i.QueryTranslatorFactoryInitiator  : HHH000397: Using ASTQueryTranslatorFactory
2019-08-11 16:57:40.365  INFO 5488 --- [https-jsse-nio-9081-exec-2] bookstore.controller.MyUserController    : 
		User admin@email.com logged on to the system.

2019-08-11 16:57:44.652  INFO 5488 --- [https-jsse-nio-9081-exec-4] bookstore.controller.MyUserController    : 
		User admin@email.com logged out of the system.

2019-08-11 16:57:44.654  INFO 5488 --- [https-jsse-nio-9081-exec-4] bookstore.controller.MyUserController    : 
		No one is logged in.

2019-08-11 16:58:03.126  INFO 5488 --- [https-jsse-nio-9081-exec-9] .s.a.AnnotationAsyncExecutionInterceptor : No task executor bean found for async processing: no bean of type TaskExecutor and no bean named 'taskExecutor' either
2019-08-11 16:58:03.490  INFO 5488 --- [https-jsse-nio-9081-exec-9] bookstore.controller.MyUserController    : 
		User petarpetrovic@gmail.com is successfully registered.

2019-08-11 16:58:13.297  INFO 5488 --- [https-jsse-nio-9081-exec-8] bookstore.controller.MyUserController    : 
		User petarpetrovic@gmail.com has activated his user account.

2019-08-11 16:58:25.799  INFO 5488 --- [https-jsse-nio-9081-exec-4] bookstore.controller.MyUserController    : 
		User petarpetrovic@gmail.com logged on to the system.

2019-08-11 16:58:28.604  INFO 5488 --- [https-jsse-nio-9081-exec-5] bookstore.controller.MyUserController    : 
		User petarpetrovic@gmail.com logged out of the system.

2019-08-11 16:58:28.605  INFO 5488 --- [https-jsse-nio-9081-exec-5] bookstore.controller.MyUserController    : 
		No one is logged in.

2019-08-11 16:59:00.816  INFO 5488 --- [RMI TCP Connection(2)-127.0.0.1] inMXBeanRegistrar$SpringApplicationAdmin : Application shutdown requested.
2019-08-11 16:59:00.833  INFO 5488 --- [RMI TCP Connection(2)-127.0.0.1] ationConfigEmbeddedWebApplicationContext : Closing org.springframework.boot.context.embedded.AnnotationConfigEmbeddedWebApplicationContext@6973bf95: startup date [Sun Aug 11 16:56:07 CEST 2019]; root of context hierarchy
2019-08-11 16:59:00.834  INFO 5488 --- [RMI TCP Connection(2)-127.0.0.1] o.s.j.e.a.AnnotationMBeanExporter        : Unregistering JMX-exposed beans on shutdown
2019-08-11 16:59:00.834  INFO 5488 --- [RMI TCP Connection(2)-127.0.0.1] j.LocalContainerEntityManagerFactoryBean : Closing JPA EntityManagerFactory for persistence unit 'default'
2019-08-11 16:59:00.834  INFO 5488 --- [RMI TCP Connection(2)-127.0.0.1] org.hibernate.tool.hbm2ddl.SchemaExport  : HHH000227: Running hbm2ddl schema export
